qemu output will be in this color.
virtualbox-iso output will be in this color.

Build 'qemu' errored: Failed creating Qemu driver: exec: "qemu-system-x86_64": executable file not found in %PATH%
==> virtualbox-iso: Downloading or copying Guest additions
    virtualbox-iso: Downloading or copying: file:///C:/Program%20Files/Oracle/VirtualBox/VBoxGuestAdditions.iso
==> virtualbox-iso: Downloading or copying ISO
    virtualbox-iso: Downloading or copying: http://mirrors.kernel.org/centos/7.3.1611/isos/x86_64/CentOS-7-x86_64-DVD-1611.iso
==> virtualbox-iso: Starting HTTP server on port 8487
==> virtualbox-iso: Creating virtual machine...
==> virtualbox-iso: Creating hard drive...
==> virtualbox-iso: Creating forwarded port mapping for communicator (SSH, WinRM, etc) (host port 3678)
==> virtualbox-iso: Executing custom VBoxManage commands...
    virtualbox-iso: Executing: modifyvm centos-7.3-x86_64-ucp --memory 2048
    virtualbox-iso: Executing: modifyvm centos-7.3-x86_64-ucp --cpus 1
    virtualbox-iso: Executing: createhd --filename disk2.vdi --variant Standard --size 30720
    virtualbox-iso: Executing: storageattach centos-7.3-x86_64-ucp --storagectl SATA Controller --port 1 --device 0 --type hdd --medium disk2.vdi
==> virtualbox-iso: Starting the virtual machine...
==> virtualbox-iso: Waiting 10s for boot...
==> virtualbox-iso: Typing the boot command...
==> virtualbox-iso: Waiting for SSH to become available...
==> virtualbox-iso: Connected to SSH!
==> virtualbox-iso: Uploading VirtualBox version info (5.1.22)
==> virtualbox-iso: Uploading VirtualBox guest additions ISO...
==> virtualbox-iso: Uploading keys/vagrant.pub => /tmp/vagrant.pub
==> virtualbox-iso: Provisioning with shell script: scripts/sshd.sh
    virtualbox-iso: + SSHD_CONFIG=/etc/ssh/sshd_config
    virtualbox-iso: + sed -i -e '$a\' /etc/ssh/sshd_config
    virtualbox-iso: + USEDNS='UseDNS no'
    virtualbox-iso: + grep -q -E '^[[:space:]]*UseDNS' /etc/ssh/sshd_config
    virtualbox-iso: + echo 'UseDNS no'
    virtualbox-iso: + GSSAPI='GSSAPIAuthentication no'
    virtualbox-iso: + grep -q -E '^[[:space:]]*GSSAPIAuthentication' /etc/ssh/sshd_config
    virtualbox-iso: + sed -i 's/^\s*GSSAPIAuthentication.*/GSSAPIAuthentication no/' /etc/ssh/sshd_config
==> virtualbox-iso: Provisioning with shell script: scripts/networking.sh
    virtualbox-iso: + case "$PACKER_BUILDER_TYPE" in
    virtualbox-iso: ++ sed 's/^.\+ release \([.0-9]\+\).*/\1/' /etc/redhat-release
    virtualbox-iso: ++ awk -F. '{print $1}'
    virtualbox-iso: + major_version=7
    virtualbox-iso: + '[' 7 -ge 6 ']'
    virtualbox-iso: + echo 'RES_OPTIONS="single-request-reopen"'
    virtualbox-iso: + service network restart
    virtualbox-iso: Restarting network (via systemctl):  [  OK  ]
    virtualbox-iso: + echo 'Slow DNS fix applied (single-request-reopen)'
    virtualbox-iso: Slow DNS fix applied (single-request-reopen)
==> virtualbox-iso: Provisioning with shell script: scripts/vagrant.sh
    virtualbox-iso: + HOME_DIR=/home/vagrant
    virtualbox-iso: + pubkey_url=https://raw.githubusercontent.com/mitchellh/vagrant/master/keys/vagrant.pub
    virtualbox-iso: + mkdir -p /home/vagrant/.ssh
    virtualbox-iso: + cp /tmp/vagrant.pub /home/vagrant/.ssh/authorized_keys
    virtualbox-iso: + chown -R vagrant /home/vagrant/.ssh
    virtualbox-iso: + chmod -R go-rwsx /home/vagrant/.ssh
==> virtualbox-iso: Provisioning with shell script: scripts/virtualbox.sh
    virtualbox-iso: + case "$PACKER_BUILDER_TYPE" in
    virtualbox-iso: ++ cat /home/vagrant/.vbox_version
    virtualbox-iso: + VER=5.1.22
    virtualbox-iso: + ISO=VBoxGuestAdditions.iso
    virtualbox-iso: + echo 'Working around regression in 5.1.20 guest additions'
    virtualbox-iso: + echo 'So we'\''re using an updated test build'
    virtualbox-iso: + echo 'It'\''s probably fine'
    virtualbox-iso: Working around regression in 5.1.20 guest additions
    virtualbox-iso: + echo 'Virtualbox Tools Version: 5.1.21'
    virtualbox-iso: So we're using an updated test build
    virtualbox-iso: + mkdir -p /tmp/vbox
    virtualbox-iso: It's probably fine
    virtualbox-iso: Virtualbox Tools Version: 5.1.21
==> virtualbox-iso: Provisioning with shell script: scripts/lvm.sh
    virtualbox-iso: ++ vgdisplay -c
    virtualbox-iso: ++ sed 's/\:.*//'
    virtualbox-iso: ++ sed 's/\s*//'
    virtualbox-iso: + old_name=cl_punws-chetanki
    virtualbox-iso: + new_name=VolGrp001
    virtualbox-iso: + vgrename -v cl_punws-chetanki VolGrp001
    virtualbox-iso: Wiping cache of LVM-capable devices
    virtualbox-iso: Archiving volume group "cl_punws-chetanki" metadata (seqno 3).
    virtualbox-iso: Writing out updated volume group
    virtualbox-iso: Renaming "/dev/cl_punws-chetanki" to "/dev/VolGrp001"
    virtualbox-iso: Loading cl_punws--chetanki-swap table (253:1)
    virtualbox-iso: Suppressed cl_punws--chetanki-swap (253:1) identical table reload.
    virtualbox-iso: Suspending cl_punws--chetanki-swap (253:1) with device flush
    virtualbox-iso: Loading cl_punws--chetanki-swap table (253:1)
    virtualbox-iso: Suppressed cl_punws--chetanki-swap (253:1) identical table reload.
    virtualbox-iso: Renaming cl_punws--chetanki-swap (253:1) to VolGrp001-swap
    virtualbox-iso: Resuming VolGrp001-swap (253:1)
    virtualbox-iso: Loading cl_punws--chetanki-root table (253:0)
    virtualbox-iso: Suppressed cl_punws--chetanki-root (253:0) identical table reload.
    virtualbox-iso: Suspending cl_punws--chetanki-root (253:0) with device flush
    virtualbox-iso: Loading cl_punws--chetanki-root table (253:0)
    virtualbox-iso: Suppressed cl_punws--chetanki-root (253:0) identical table reload.
    virtualbox-iso: Renaming cl_punws--chetanki-root (253:0) to VolGrp001-root
    virtualbox-iso: Resuming VolGrp001-root (253:0)
    virtualbox-iso: Creating volume group backup "/etc/lvm/backup/VolGrp001" (seqno 4).
    virtualbox-iso: Volume group "cl_punws-chetanki" successfully renamed to "VolGrp001"
    virtualbox-iso: + sed -i 's/\/cl_punws-chetanki-/\/VolGrp001-/g' /etc/fstab
    virtualbox-iso: + sed -i 's/\([/=]\)cl_punws-chetanki\([-/]\)/\1VolGrp001\2/g' /boot/grub2/grub.cfg
    virtualbox-iso: + sed -i 's/\([/=]\)cl_punws-chetanki\([-/]\)/\1VolGrp001\2/g' /etc/default/grub
    virtualbox-iso: ++ uname -r
    virtualbox-iso: ++ uname -r
    virtualbox-iso: + mkinitrd -f -v /boot/initramfs-3.10.0-514.el7.x86_64.img 3.10.0-514.el7.x86_64
    virtualbox-iso: Executing: /sbin/dracut -f -v /boot/initramfs-3.10.0-514.el7.x86_64.img 3.10.0-514.el7.x86_64
    virtualbox-iso: dracut module 'busybox' will not be installed, because command 'busybox' could not be found!
    virtualbox-iso: dracut module 'crypt' will not be installed, because command 'cryptsetup' could not be found!
    virtualbox-iso: dracut module 'dmraid' will not be installed, because command 'dmraid' could not be found!
    virtualbox-iso: dracut module 'mdraid' will not be installed, because command 'mdadm' could not be found!
    virtualbox-iso: dracut module 'multipath' will not be installed, because command 'multipath' could not be found!
    virtualbox-iso: dracut module 'cifs' will not be installed, because command 'mount.cifs' could not be found!
    virtualbox-iso: dracut module 'iscsi' will not be installed, because command 'iscsistart' could not be found!
    virtualbox-iso: dracut module 'iscsi' will not be installed, because command 'iscsi-iname' could not be found!
    virtualbox-iso: dracut module 'busybox' will not be installed, because command 'busybox' could not be found!
    virtualbox-iso: dracut module 'crypt' will not be installed, because command 'cryptsetup' could not be found!
    virtualbox-iso: dracut module 'dmraid' will not be installed, because command 'dmraid' could not be found!
    virtualbox-iso: dracut module 'mdraid' will not be installed, because command 'mdadm' could not be found!
    virtualbox-iso: dracut module 'multipath' will not be installed, because command 'multipath' could not be found!
    virtualbox-iso: dracut module 'cifs' will not be installed, because command 'mount.cifs' could not be found!
    virtualbox-iso: dracut module 'iscsi' will not be installed, because command 'iscsistart' could not be found!
    virtualbox-iso: dracut module 'iscsi' will not be installed, because command 'iscsi-iname' could not be found!
    virtualbox-iso: *** Including module: bash ***
    virtualbox-iso: *** Including module: nss-softokn ***
    virtualbox-iso: *** Including module: i18n ***
    virtualbox-iso: *** Including module: network ***
    virtualbox-iso: *** Including module: ifcfg ***
    virtualbox-iso: *** Including module: drm ***
    virtualbox-iso: *** Including module: plymouth ***
    virtualbox-iso: *** Including module: kernel-modules ***
    virtualbox-iso: *** Including module: qemu ***
    virtualbox-iso: *** Including module: rootfs-block ***
    virtualbox-iso: *** Including module: terminfo ***
    virtualbox-iso: *** Including module: udev-rules ***
    virtualbox-iso: Skipping udev rule: 91-permissions.rules
    virtualbox-iso: *** Including module: biosdevname ***
    virtualbox-iso: *** Including module: systemd ***
    virtualbox-iso: *** Including module: usrmount ***
    virtualbox-iso: *** Including module: base ***
    virtualbox-iso: *** Including module: fs-lib ***
    virtualbox-iso: *** Including module: shutdown ***
    virtualbox-iso: *** Including modules done ***
    virtualbox-iso: *** Installing kernel module dependencies and firmware ***
    virtualbox-iso: *** Installing kernel module dependencies and firmware done ***
    virtualbox-iso: *** Resolving executable dependencies ***
    virtualbox-iso: *** Resolving executable dependencies done***
    virtualbox-iso: *** Hardlinking files ***
    virtualbox-iso: *** Hardlinking files done ***
    virtualbox-iso: *** Stripping files ***
    virtualbox-iso: *** Stripping files done ***
    virtualbox-iso: *** Generating early-microcode cpio image contents ***
    virtualbox-iso: *** Constructing GenuineIntel.bin ****
    virtualbox-iso: *** Store current command line parameters ***
    virtualbox-iso: *** Creating image file ***
    virtualbox-iso: *** Creating microcode section ***
    virtualbox-iso: *** Created microcode section ***
    virtualbox-iso: *** Creating image file done ***
    virtualbox-iso: *** Creating initramfs image file '/boot/initramfs-3.10.0-514.el7.x86_64.img' done ***
==> virtualbox-iso: Provisioning with shell script: scripts/nfs.sh
    virtualbox-iso: + yum -y install nfs-utils
    virtualbox-iso: Loaded plugins: fastestmirror
    virtualbox-iso: Determining fastest mirrors
    virtualbox-iso: * base: centos.mirror.rafal.ca
    virtualbox-iso: * extras: centos.mirror.rafal.ca
    virtualbox-iso: * updates: centos.mirror.rafal.ca
    virtualbox-iso: Resolving Dependencies
    virtualbox-iso: --> Running transaction check
    virtualbox-iso: ---> Package nfs-utils.x86_64 1:1.3.0-0.33.el7 will be updated
    virtualbox-iso: ---> Package nfs-utils.x86_64 1:1.3.0-0.33.el7_3 will be an update
    virtualbox-iso: --> Finished Dependency Resolution
    virtualbox-iso:
    virtualbox-iso: Dependencies Resolved
    virtualbox-iso:
    virtualbox-iso: ================================================================================
    virtualbox-iso: Package          Arch          Version                    Repository      Size
    virtualbox-iso: ================================================================================
    virtualbox-iso: Updating:
    virtualbox-iso: nfs-utils        x86_64        1:1.3.0-0.33.el7_3         updates        377 k
    virtualbox-iso:
    virtualbox-iso: Transaction Summary
    virtualbox-iso: ================================================================================
    virtualbox-iso: Upgrade  1 Package
    virtualbox-iso:
    virtualbox-iso: Total download size: 377 k
    virtualbox-iso: Downloading packages:
    virtualbox-iso: Delta RPMs disabled because /usr/bin/applydeltarpm not installed.
    virtualbox-iso: Public key for nfs-utils-1.3.0-0.33.el7_3.x86_64.rpm is not installed
    virtualbox-iso: warning: /var/cache/yum/x86_64/7/updates/packages/nfs-utils-1.3.0-0.33.el7_3.x86_64.rpm: Header V3 RSA/SHA256 Signature, key ID f4a80eb5: NOKEY
    virtualbox-iso: Retrieving key from file:///etc/pki/rpm-gpg/RPM-GPG-KEY-CentOS-7
    virtualbox-iso: Importing GPG key 0xF4A80EB5:
    virtualbox-iso: Userid     : "CentOS-7 Key (CentOS 7 Official Signing Key) <security@centos.org>"
    virtualbox-iso: Fingerprint: 6341 ab27 53d7 8a78 a7c2 7bb1 24c6 a8a7 f4a8 0eb5
    virtualbox-iso: Package    : centos-release-7-3.1611.el7.centos.x86_64 (@anaconda)
    virtualbox-iso: From       : /etc/pki/rpm-gpg/RPM-GPG-KEY-CentOS-7
    virtualbox-iso: Running transaction check
    virtualbox-iso: Running transaction test
    virtualbox-iso: Transaction test succeeded
    virtualbox-iso: Running transaction
    virtualbox-iso: Updating   : 1:nfs-utils-1.3.0-0.33.el7_3.x86_64                          1/2
    virtualbox-iso: Cleanup    : 1:nfs-utils-1.3.0-0.33.el7.x86_64                            2/2
    virtualbox-iso: Verifying  : 1:nfs-utils-1.3.0-0.33.el7_3.x86_64                          1/2
    virtualbox-iso: Verifying  : 1:nfs-utils-1.3.0-0.33.el7.x86_64                            2/2
    virtualbox-iso:
    virtualbox-iso: Updated:
    virtualbox-iso: nfs-utils.x86_64 1:1.3.0-0.33.el7_3
    virtualbox-iso:
    virtualbox-iso: Complete!
    virtualbox-iso: + setsebool -P nfs_export_all_rw 1
    virtualbox-iso: + systemctl enable nfs-server.service
    virtualbox-iso: Created symlink from /etc/systemd/system/multi-user.target.wants/nfs-server.service to /usr/lib/systemd/system/nfs-server.service.
    virtualbox-iso: + systemctl start nfs-server.service
    virtualbox-iso: + mkdir /var/nfs
    virtualbox-iso: + mkdir /var/nfs/share_1
    virtualbox-iso: + mkdir /var/nfs/share_2
    virtualbox-iso: + mkdir /var/nfs/share_3
    virtualbox-iso: + mkdir /var/nfs/share_4
    virtualbox-iso: + mkdir /var/nfs/share_5
    virtualbox-iso: + chown nfsnobody:nfsnobody /var/nfs
    virtualbox-iso: + chmod 755 /var/nfs
    virtualbox-iso: + echo '/var/nfs/share_1	*(rw,sync,no_subtree_check)'
    virtualbox-iso: + echo '/var/nfs/share_2	*(rw,sync,no_subtree_check)'
    virtualbox-iso: + echo '/var/nfs/share_3	*(rw,sync,no_subtree_check)'
    virtualbox-iso: + echo '/var/nfs/share_4	*(rw,sync,no_subtree_check)'
    virtualbox-iso: + echo '/var/nfs/share_5	*(rw,sync,no_subtree_check)'
    virtualbox-iso: + exportfs -a
==> virtualbox-iso: Provisioning with shell script: scripts/docker.sh
    virtualbox-iso: + rpm --import 'https://keyserver.ubuntu.com/pks/lookup?op=get&search=0xee6d536cf7dc86e2d7d56f59a178ac6c6238f52e'
    virtualbox-iso: + yum install -y yum-utils
    virtualbox-iso: Loaded plugins: fastestmirror
    virtualbox-iso: Loading mirror speeds from cached hostfile
    virtualbox-iso: * base: centos.mirror.rafal.ca
    virtualbox-iso: * extras: centos.mirror.rafal.ca
    virtualbox-iso: * updates: centos.mirror.rafal.ca
    virtualbox-iso: Resolving Dependencies
    virtualbox-iso: --> Running transaction check
    virtualbox-iso: ---> Package yum-utils.noarch 0:1.1.31-40.el7 will be installed
    virtualbox-iso: --> Processing Dependency: python-kitchen for package: yum-utils-1.1.31-40.el7.noarch
    virtualbox-iso: --> Processing Dependency: libxml2-python for package: yum-utils-1.1.31-40.el7.noarch
    virtualbox-iso: --> Running transaction check
    virtualbox-iso: ---> Package libxml2-python.x86_64 0:2.9.1-6.el7_2.3 will be installed
    virtualbox-iso: ---> Package python-kitchen.noarch 0:1.1.1-5.el7 will be installed
    virtualbox-iso: --> Processing Dependency: python-chardet for package: python-kitchen-1.1.1-5.el7.noarch
    virtualbox-iso: --> Running transaction check
    virtualbox-iso: ---> Package python-chardet.noarch 0:2.2.1-1.el7_1 will be installed
    virtualbox-iso: --> Finished Dependency Resolution
    virtualbox-iso:
    virtualbox-iso: Dependencies Resolved
    virtualbox-iso:
    virtualbox-iso: ================================================================================
    virtualbox-iso: Package               Arch          Version                  Repository   Size
    virtualbox-iso: ================================================================================
    virtualbox-iso: Installing:
    virtualbox-iso: yum-utils             noarch        1.1.31-40.el7            base        116 k
    virtualbox-iso: Installing for dependencies:
    virtualbox-iso: libxml2-python        x86_64        2.9.1-6.el7_2.3          base        247 k
    virtualbox-iso: python-chardet        noarch        2.2.1-1.el7_1            base        227 k
    virtualbox-iso: python-kitchen        noarch        1.1.1-5.el7              base        267 k
    virtualbox-iso:
    virtualbox-iso: Transaction Summary
    virtualbox-iso: ================================================================================
    virtualbox-iso: Install  1 Package (+3 Dependent packages)
    virtualbox-iso:
    virtualbox-iso: Total download size: 856 k
    virtualbox-iso: Installed size: 4.3 M
    virtualbox-iso: Downloading packages:
    virtualbox-iso: --------------------------------------------------------------------------------
    virtualbox-iso: Total                                              1.7 MB/s | 856 kB  00:00
    virtualbox-iso: Running transaction check
    virtualbox-iso: Running transaction test
    virtualbox-iso: Transaction test succeeded
    virtualbox-iso: Running transaction
    virtualbox-iso: Installing : python-chardet-2.2.1-1.el7_1.noarch                          1/4
    virtualbox-iso: Installing : python-kitchen-1.1.1-5.el7.noarch                            2/4
    virtualbox-iso: Installing : libxml2-python-2.9.1-6.el7_2.3.x86_64                        3/4
    virtualbox-iso: Installing : yum-utils-1.1.31-40.el7.noarch                               4/4
    virtualbox-iso: Verifying  : yum-utils-1.1.31-40.el7.noarch                               1/4
    virtualbox-iso: Verifying  : python-kitchen-1.1.1-5.el7.noarch                            2/4
    virtualbox-iso: Verifying  : libxml2-python-2.9.1-6.el7_2.3.x86_64                        3/4
    virtualbox-iso: Verifying  : python-chardet-2.2.1-1.el7_1.noarch                          4/4
    virtualbox-iso:
    virtualbox-iso: Installed:
    virtualbox-iso: yum-utils.noarch 0:1.1.31-40.el7
    virtualbox-iso:
    virtualbox-iso: Dependency Installed:
    virtualbox-iso: libxml2-python.x86_64 0:2.9.1-6.el7_2.3 python-chardet.noarch 0:2.2.1-1.el7_1
    virtualbox-iso: python-kitchen.noarch 0:1.1.1-5.el7
    virtualbox-iso:
    virtualbox-iso: Complete!
    virtualbox-iso: + yum-config-manager --add-repo https://packages.docker.com/1.13/yum/repo/main/centos/7
    virtualbox-iso: Loaded plugins: fastestmirror
    virtualbox-iso: adding repo from: https://packages.docker.com/1.13/yum/repo/main/centos/7
    virtualbox-iso:
    virtualbox-iso: [packages.docker.com_1.13_yum_repo_main_centos_7]
    virtualbox-iso: name=added from: https://packages.docker.com/1.13/yum/repo/main/centos/7
    virtualbox-iso: baseurl=https://packages.docker.com/1.13/yum/repo/main/centos/7
    virtualbox-iso: enabled=1
    virtualbox-iso:
    virtualbox-iso:
    virtualbox-iso: + yum makecache fast
    virtualbox-iso: Loaded plugins: fastestmirror
    virtualbox-iso: Loading mirror speeds from cached hostfile
    virtualbox-iso: * base: centos.mirror.rafal.ca
    virtualbox-iso: * extras: centos.mirror.rafal.ca
    virtualbox-iso: * updates: centos.mirror.rafal.ca
    virtualbox-iso: Metadata Cache Created
    virtualbox-iso: + yum install -y nfs-utils
    virtualbox-iso: Loaded plugins: fastestmirror
    virtualbox-iso: Loading mirror speeds from cached hostfile
    virtualbox-iso: * base: centos.mirror.rafal.ca
    virtualbox-iso: * extras: centos.mirror.rafal.ca
    virtualbox-iso: * updates: centos.mirror.rafal.ca
    virtualbox-iso: Package 1:nfs-utils-1.3.0-0.33.el7_3.x86_64 already installed and latest version
    virtualbox-iso: Nothing to do
    virtualbox-iso: + yum install -y docker-engine
    virtualbox-iso: Loaded plugins: fastestmirror
    virtualbox-iso: Loading mirror speeds from cached hostfile
    virtualbox-iso: * base: centos.mirror.rafal.ca
    virtualbox-iso: * extras: centos.mirror.rafal.ca
    virtualbox-iso: * updates: centos.mirror.rafal.ca
    virtualbox-iso: Resolving Dependencies
    virtualbox-iso: --> Running transaction check
    virtualbox-iso: ---> Package docker-engine.x86_64 0:1.13.1.cs3-1.el7.centos will be installed
    virtualbox-iso: --> Processing Dependency: docker-engine-selinux >= 1.13.1.cs3-1.el7.centos for package: docker-engine-1.13.1.cs3-1.el7.centos.x86_64
    virtualbox-iso: --> Processing Dependency: libseccomp.so.2()(64bit) for package: docker-engine-1.13.1.cs3-1.el7.centos.x86_64
    virtualbox-iso: --> Processing Dependency: libltdl.so.7()(64bit) for package: docker-engine-1.13.1.cs3-1.el7.centos.x86_64
    virtualbox-iso: --> Running transaction check
    virtualbox-iso: ---> Package docker-engine-selinux.noarch 0:1.13.1.cs3-1.el7.centos will be installed
    virtualbox-iso: ---> Package libseccomp.x86_64 0:2.3.1-2.el7 will be installed
    virtualbox-iso: ---> Package libtool-ltdl.x86_64 0:2.4.2-22.el7_3 will be installed
    virtualbox-iso: --> Finished Dependency Resolution
    virtualbox-iso:
    virtualbox-iso: Dependencies Resolved
    virtualbox-iso:
    virtualbox-iso: ================================================================================
    virtualbox-iso: Package               Arch   Version                 Repository           Size
    virtualbox-iso: ================================================================================
    virtualbox-iso: Installing:
    virtualbox-iso: docker-engine         x86_64 1.13.1.cs3-1.el7.centos packages.docker.com_1.13_yum_repo_main_centos_7
    virtualbox-iso: 19 M
    virtualbox-iso: Installing for dependencies:
    virtualbox-iso: docker-engine-selinux noarch 1.13.1.cs3-1.el7.centos packages.docker.com_1.13_yum_repo_main_centos_7
    virtualbox-iso: 28 k
    virtualbox-iso: libseccomp            x86_64 2.3.1-2.el7             base                 56 k
    virtualbox-iso: libtool-ltdl          x86_64 2.4.2-22.el7_3          updates              49 k
    virtualbox-iso:
    virtualbox-iso: Transaction Summary
    virtualbox-iso: ================================================================================
    virtualbox-iso: Install  1 Package (+3 Dependent packages)
    virtualbox-iso:
    virtualbox-iso: Total download size: 19 M
    virtualbox-iso: Installed size: 65 M
    virtualbox-iso: Downloading packages:
    virtualbox-iso: --------------------------------------------------------------------------------
    virtualbox-iso: Total                                              4.6 MB/s |  19 MB  00:04
    virtualbox-iso: Running transaction check
    virtualbox-iso: Running transaction test
    virtualbox-iso: Transaction test succeeded
    virtualbox-iso: Running transaction
    virtualbox-iso: Installing : docker-engine-selinux-1.13.1.cs3-1.el7.centos.noarch         1/4
    virtualbox-iso: libsemanage.semanage_direct_install_info: Overriding docker module at lower priority 100 with module at priority 400.
    virtualbox-iso: restorecon:  lstat(/var/lib/docker) failed:  No such file or directory
    virtualbox-iso: warning: %post(docker-engine-selinux-1.13.1.cs3-1.el7.centos.noarch) scriptlet failed, exit status 255
    virtualbox-iso: Non-fatal POSTIN scriptlet failure in rpm package docker-engine-selinux-1.13.1.cs3-1.el7.centos.noarch
    virtualbox-iso: Installing : libseccomp-2.3.1-2.el7.x86_64                                2/4
    virtualbox-iso: Installing : libtool-ltdl-2.4.2-22.el7_3.x86_64                           3/4
    virtualbox-iso: Installing : docker-engine-1.13.1.cs3-1.el7.centos.x86_64                 4/4
    virtualbox-iso: Verifying  : libtool-ltdl-2.4.2-22.el7_3.x86_64                           1/4
    virtualbox-iso: Verifying  : libseccomp-2.3.1-2.el7.x86_64                                2/4
    virtualbox-iso: Verifying  : docker-engine-1.13.1.cs3-1.el7.centos.x86_64                 3/4
    virtualbox-iso: Verifying  : docker-engine-selinux-1.13.1.cs3-1.el7.centos.noarch         4/4
    virtualbox-iso:
    virtualbox-iso: Installed:
    virtualbox-iso: docker-engine.x86_64 0:1.13.1.cs3-1.el7.centos
    virtualbox-iso:
    virtualbox-iso: Dependency Installed:
    virtualbox-iso: docker-engine-selinux.noarch 0:1.13.1.cs3-1.el7.centos
    virtualbox-iso: libseccomp.x86_64 0:2.3.1-2.el7
    virtualbox-iso: libtool-ltdl.x86_64 0:2.4.2-22.el7_3
    virtualbox-iso:
    virtualbox-iso: Complete!
    virtualbox-iso: + systemctl enable docker.service
    virtualbox-iso: Created symlink from /etc/systemd/system/multi-user.target.wants/docker.service to /usr/lib/systemd/system/docker.service.
    virtualbox-iso: + systemctl start docker.service
    virtualbox-iso: + yum install -y lvm2
    virtualbox-iso: Loaded plugins: fastestmirror
    virtualbox-iso: Loading mirror speeds from cached hostfile
    virtualbox-iso: * base: centos.mirror.rafal.ca
    virtualbox-iso: * extras: centos.mirror.rafal.ca
    virtualbox-iso: * updates: centos.mirror.rafal.ca
    virtualbox-iso: Resolving Dependencies
    virtualbox-iso: --> Running transaction check
    virtualbox-iso: ---> Package lvm2.x86_64 7:2.02.166-1.el7 will be updated
    virtualbox-iso: ---> Package lvm2.x86_64 7:2.02.166-1.el7_3.4 will be an update
    virtualbox-iso: --> Processing Dependency: lvm2-libs = 7:2.02.166-1.el7_3.4 for package: 7:lvm2-2.02.166-1.el7_3.4.x86_64
    virtualbox-iso: --> Running transaction check
    virtualbox-iso: ---> Package lvm2-libs.x86_64 7:2.02.166-1.el7 will be updated
    virtualbox-iso: ---> Package lvm2-libs.x86_64 7:2.02.166-1.el7_3.4 will be an update
    virtualbox-iso: --> Processing Dependency: device-mapper-event = 7:1.02.135-1.el7_3.4 for package: 7:lvm2-libs-2.02.166-1.el7_3.4.x86_64
    virtualbox-iso: --> Running transaction check
    virtualbox-iso: ---> Package device-mapper-event.x86_64 7:1.02.135-1.el7 will be updated
    virtualbox-iso: ---> Package device-mapper-event.x86_64 7:1.02.135-1.el7_3.4 will be an update
    virtualbox-iso: --> Processing Dependency: device-mapper-event-libs = 7:1.02.135-1.el7_3.4 for package: 7:device-mapper-event-1.02.135-1.el7_3.4.x86_64
    virtualbox-iso: --> Processing Dependency: device-mapper = 7:1.02.135-1.el7_3.4 for package: 7:device-mapper-event-1.02.135-1.el7_3.4.x86_64
    virtualbox-iso: --> Running transaction check
    virtualbox-iso: ---> Package device-mapper.x86_64 7:1.02.135-1.el7 will be updated
    virtualbox-iso: --> Processing Dependency: device-mapper = 7:1.02.135-1.el7 for package: 7:device-mapper-libs-1.02.135-1.el7.x86_64
    virtualbox-iso: ---> Package device-mapper.x86_64 7:1.02.135-1.el7_3.4 will be an update
    virtualbox-iso: ---> Package device-mapper-event-libs.x86_64 7:1.02.135-1.el7 will be updated
    virtualbox-iso: ---> Package device-mapper-event-libs.x86_64 7:1.02.135-1.el7_3.4 will be an update
    virtualbox-iso: --> Running transaction check
    virtualbox-iso: ---> Package device-mapper-libs.x86_64 7:1.02.135-1.el7 will be updated
    virtualbox-iso: ---> Package device-mapper-libs.x86_64 7:1.02.135-1.el7_3.4 will be an update
    virtualbox-iso: --> Finished Dependency Resolution
    virtualbox-iso:
    virtualbox-iso: Dependencies Resolved
    virtualbox-iso:
    virtualbox-iso: ================================================================================
    virtualbox-iso: Package                     Arch      Version                 Repository  Size
    virtualbox-iso: ================================================================================
    virtualbox-iso: Updating:
    virtualbox-iso: lvm2                        x86_64    7:2.02.166-1.el7_3.4    updates    1.1 M
    virtualbox-iso: Updating for dependencies:
    virtualbox-iso: device-mapper               x86_64    7:1.02.135-1.el7_3.4    updates    269 k
    virtualbox-iso: device-mapper-event         x86_64    7:1.02.135-1.el7_3.4    updates    178 k
    virtualbox-iso: device-mapper-event-libs    x86_64    7:1.02.135-1.el7_3.4    updates    177 k
    virtualbox-iso: device-mapper-libs          x86_64    7:1.02.135-1.el7_3.4    updates    333 k
    virtualbox-iso: lvm2-libs                   x86_64    7:2.02.166-1.el7_3.4    updates    986 k
    virtualbox-iso:
    virtualbox-iso: Transaction Summary
    virtualbox-iso: ================================================================================
    virtualbox-iso: Upgrade  1 Package (+5 Dependent packages)
    virtualbox-iso:
    virtualbox-iso: Total download size: 3.0 M
    virtualbox-iso: Downloading packages:
    virtualbox-iso: Delta RPMs disabled because /usr/bin/applydeltarpm not installed.
    virtualbox-iso: --------------------------------------------------------------------------------
    virtualbox-iso: Total                                              4.4 MB/s | 3.0 MB  00:00
    virtualbox-iso: Running transaction check
    virtualbox-iso: Running transaction test
    virtualbox-iso: Transaction test succeeded
    virtualbox-iso: Running transaction
    virtualbox-iso: Updating   : 7:device-mapper-1.02.135-1.el7_3.4.x86_64                   1/12
    virtualbox-iso: Updating   : 7:device-mapper-libs-1.02.135-1.el7_3.4.x86_64              2/12
    virtualbox-iso: Updating   : 7:device-mapper-event-libs-1.02.135-1.el7_3.4.x86_64        3/12
    virtualbox-iso: Updating   : 7:device-mapper-event-1.02.135-1.el7_3.4.x86_64             4/12
    virtualbox-iso: Updating   : 7:lvm2-libs-2.02.166-1.el7_3.4.x86_64                       5/12
    virtualbox-iso: Updating   : 7:lvm2-2.02.166-1.el7_3.4.x86_64                            6/12
    virtualbox-iso: Cleanup    : 7:lvm2-2.02.166-1.el7.x86_64                                7/12
    virtualbox-iso: Cleanup    : 7:lvm2-libs-2.02.166-1.el7.x86_64                           8/12
    virtualbox-iso: Cleanup    : 7:device-mapper-event-1.02.135-1.el7.x86_64                 9/12
    virtualbox-iso: Cleanup    : 7:device-mapper-event-libs-1.02.135-1.el7.x86_64           10/12
    virtualbox-iso: Cleanup    : 7:device-mapper-1.02.135-1.el7.x86_64                      11/12
    virtualbox-iso: Cleanup    : 7:device-mapper-libs-1.02.135-1.el7.x86_64                 12/12
    virtualbox-iso: Verifying  : 7:lvm2-libs-2.02.166-1.el7_3.4.x86_64                       1/12
    virtualbox-iso: Verifying  : 7:device-mapper-event-libs-1.02.135-1.el7_3.4.x86_64        2/12
    virtualbox-iso: Verifying  : 7:lvm2-2.02.166-1.el7_3.4.x86_64                            3/12
    virtualbox-iso: Verifying  : 7:device-mapper-event-1.02.135-1.el7_3.4.x86_64             4/12
    virtualbox-iso: Verifying  : 7:device-mapper-libs-1.02.135-1.el7_3.4.x86_64              5/12
    virtualbox-iso: Verifying  : 7:device-mapper-1.02.135-1.el7_3.4.x86_64                   6/12
    virtualbox-iso: Verifying  : 7:device-mapper-event-libs-1.02.135-1.el7.x86_64            7/12
    virtualbox-iso: Verifying  : 7:device-mapper-1.02.135-1.el7.x86_64                       8/12
    virtualbox-iso: Verifying  : 7:lvm2-2.02.166-1.el7.x86_64                                9/12
    virtualbox-iso: Verifying  : 7:device-mapper-libs-1.02.135-1.el7.x86_64                 10/12
    virtualbox-iso: Verifying  : 7:lvm2-libs-2.02.166-1.el7.x86_64                          11/12
    virtualbox-iso: Verifying  : 7:device-mapper-event-1.02.135-1.el7.x86_64                12/12
    virtualbox-iso:
    virtualbox-iso: Updated:
    virtualbox-iso: lvm2.x86_64 7:2.02.166-1.el7_3.4
    virtualbox-iso:
    virtualbox-iso: Dependency Updated:
    virtualbox-iso: device-mapper.x86_64 7:1.02.135-1.el7_3.4
    virtualbox-iso: device-mapper-event.x86_64 7:1.02.135-1.el7_3.4
    virtualbox-iso: device-mapper-event-libs.x86_64 7:1.02.135-1.el7_3.4
    virtualbox-iso: device-mapper-libs.x86_64 7:1.02.135-1.el7_3.4
    virtualbox-iso: lvm2-libs.x86_64 7:2.02.166-1.el7_3.4
    virtualbox-iso:
    virtualbox-iso: Complete!
    virtualbox-iso: + pvcreate /dev/sdb
    virtualbox-iso: + vgcreate docker /dev/sdb
    virtualbox-iso: Physical volume "/dev/sdb" successfully created.
    virtualbox-iso: + lvcreate --wipesignatures y -n thinpool docker -l 95%VG
    virtualbox-iso: Volume group "docker" successfully created
    virtualbox-iso: Logical volume "thinpool" created.
    virtualbox-iso: + lvcreate --wipesignatures y -n thinpoolmeta docker -l 1%VG
    virtualbox-iso: Logical volume "thinpoolmeta" created.
    virtualbox-iso: + lvconvert -y --zero n -c 512K --thinpool docker/thinpool --poolmetadata docker/thinpoolmeta
    virtualbox-iso: WARNING: Converting logical volume docker/thinpool and docker/thinpoolmeta to thin pool's data and metadata volumes with metadata wiping.
    virtualbox-iso: THIS WILL DESTROY CONTENT OF LOGICAL VOLUME (filesystem etc.)
    virtualbox-iso: Converted docker/thinpool to thin pool.
    virtualbox-iso: + cat
    virtualbox-iso: + lvchange --metadataprofile docker-thinpool docker/thinpool
    virtualbox-iso: Logical volume docker/thinpool changed.
    virtualbox-iso: + lvs -o+seg_monitor
    virtualbox-iso: + cat
    virtualbox-iso: LV       VG        Attr       LSize  Pool Origin Data%  Meta%  Move Log Cpy%Sync Convert Monitor
    virtualbox-iso: root     VolGrp001 -wi-ao----  8.00g
    virtualbox-iso: swap     VolGrp001 -wi-ao----  1.00g
    virtualbox-iso: thinpool docker    twi-a-t--- 28.50g             0.00   0.02                             monitored
    virtualbox-iso: + systemctl daemon-reload
    virtualbox-iso: + systemctl restart docker.service
    virtualbox-iso: + useradd sigma
    virtualbox-iso: + passwd --stdin sigma
    virtualbox-iso: + echo sigma
    virtualbox-iso: Changing password for user sigma.
    virtualbox-iso: passwd: all authentication tokens updated successfully.
    virtualbox-iso: + usermod -aG docker sigma
    virtualbox-iso: + yum -y install epel-release
    virtualbox-iso: Loaded plugins: fastestmirror
    virtualbox-iso: Loading mirror speeds from cached hostfile
    virtualbox-iso: * base: centos.mirror.rafal.ca
    virtualbox-iso: * extras: centos.mirror.rafal.ca
    virtualbox-iso: * updates: centos.mirror.rafal.ca
    virtualbox-iso: Resolving Dependencies
    virtualbox-iso: --> Running transaction check
    virtualbox-iso: ---> Package epel-release.noarch 0:7-9 will be installed
    virtualbox-iso: --> Finished Dependency Resolution
    virtualbox-iso:
    virtualbox-iso: Dependencies Resolved
    virtualbox-iso:
    virtualbox-iso: ================================================================================
    virtualbox-iso: Package                Arch             Version         Repository        Size
    virtualbox-iso: ================================================================================
    virtualbox-iso: Installing:
    virtualbox-iso: epel-release           noarch           7-9             extras            14 k
    virtualbox-iso:
    virtualbox-iso: Transaction Summary
    virtualbox-iso: ================================================================================
    virtualbox-iso: Install  1 Package
    virtualbox-iso:
    virtualbox-iso: Total download size: 14 k
    virtualbox-iso: Installed size: 24 k
    virtualbox-iso: Downloading packages:
    virtualbox-iso: Running transaction check
    virtualbox-iso: Running transaction test
    virtualbox-iso: Transaction test succeeded
    virtualbox-iso: Running transaction
    virtualbox-iso: Installing : epel-release-7-9.noarch                                      1/1
    virtualbox-iso: Verifying  : epel-release-7-9.noarch                                      1/1
    virtualbox-iso:
    virtualbox-iso: Installed:
    virtualbox-iso: epel-release.noarch 0:7-9
    virtualbox-iso:
    virtualbox-iso: Complete!
    virtualbox-iso: + yum -y install python-pip
    virtualbox-iso: Loaded plugins: fastestmirror
    virtualbox-iso: Loading mirror speeds from cached hostfile
    virtualbox-iso: * base: centos.mirror.rafal.ca
    virtualbox-iso: * epel: epel.mirror.constant.com
    virtualbox-iso: * extras: centos.mirror.rafal.ca
    virtualbox-iso: * updates: centos.mirror.rafal.ca
    virtualbox-iso: Resolving Dependencies
    virtualbox-iso: --> Running transaction check
    virtualbox-iso: ---> Package python2-pip.noarch 0:8.1.2-5.el7 will be installed
    virtualbox-iso: --> Processing Dependency: python-setuptools for package: python2-pip-8.1.2-5.el7.noarch
    virtualbox-iso: --> Running transaction check
    virtualbox-iso: ---> Package python-setuptools.noarch 0:0.9.8-4.el7 will be installed
    virtualbox-iso: --> Processing Dependency: python-backports-ssl_match_hostname for package: python-setuptools-0.9.8-4.el7.noarch
    virtualbox-iso: --> Running transaction check
    virtualbox-iso: ---> Package python-backports-ssl_match_hostname.noarch 0:3.4.0.2-4.el7 will be installed
    virtualbox-iso: --> Processing Dependency: python-backports for package: python-backports-ssl_match_hostname-3.4.0.2-4.el7.noarch
    virtualbox-iso: --> Running transaction check
    virtualbox-iso: ---> Package python-backports.x86_64 0:1.0-8.el7 will be installed
    virtualbox-iso: --> Finished Dependency Resolution
    virtualbox-iso:
    virtualbox-iso: Dependencies Resolved
    virtualbox-iso:
    virtualbox-iso: ================================================================================
    virtualbox-iso: Package                               Arch     Version            Repository
    virtualbox-iso: Size
    virtualbox-iso: ================================================================================
    virtualbox-iso: Installing:
    virtualbox-iso: python2-pip                           noarch   8.1.2-5.el7        epel   1.7 M
    virtualbox-iso: Installing for dependencies:
    virtualbox-iso: python-backports                      x86_64   1.0-8.el7          base   5.8 k
    virtualbox-iso: python-backports-ssl_match_hostname   noarch   3.4.0.2-4.el7      base    12 k
    virtualbox-iso: python-setuptools                     noarch   0.9.8-4.el7        base   396 k
    virtualbox-iso:
    virtualbox-iso: Transaction Summary
    virtualbox-iso: ================================================================================
    virtualbox-iso: Install  1 Package (+3 Dependent packages)
    virtualbox-iso:
    virtualbox-iso: Total download size: 2.1 M
    virtualbox-iso: Installed size: 9.1 M
    virtualbox-iso: Downloading packages:
    virtualbox-iso: warning: /var/cache/yum/x86_64/7/epel/packages/python2-pip-8.1.2-5.el7.noarch.rpm: Header V3 RSA/SHA256 Signature, key ID 352c64e5: NOKEY
    virtualbox-iso: Public key for python2-pip-8.1.2-5.el7.noarch.rpm is not installed
    virtualbox-iso: Importing GPG key 0x352C64E5:
    virtualbox-iso: Userid     : "Fedora EPEL (7) <epel@fedoraproject.org>"
    virtualbox-iso: --------------------------------------------------------------------------------
    virtualbox-iso: Total                                              2.8 MB/s | 2.1 MB  00:00
    virtualbox-iso: Retrieving key from file:///etc/pki/rpm-gpg/RPM-GPG-KEY-EPEL-7
    virtualbox-iso: Fingerprint: 91e9 7d7c 4a5e 96f1 7f3e 888f 6a2f aea2 352c 64e5
    virtualbox-iso: Package    : epel-release-7-9.noarch (@extras)
    virtualbox-iso: From       : /etc/pki/rpm-gpg/RPM-GPG-KEY-EPEL-7
    virtualbox-iso: Running transaction check
    virtualbox-iso: Running transaction test
    virtualbox-iso: Transaction test succeeded
    virtualbox-iso: Running transaction
    virtualbox-iso: Installing : python-backports-1.0-8.el7.x86_64                            1/4
    virtualbox-iso: Installing : python-backports-ssl_match_hostname-3.4.0.2-4.el7.noarch     2/4
    virtualbox-iso: Installing : python-setuptools-0.9.8-4.el7.noarch                         3/4
    virtualbox-iso: Installing : python2-pip-8.1.2-5.el7.noarch                               4/4
    virtualbox-iso: Verifying  : python2-pip-8.1.2-5.el7.noarch                               1/4
    virtualbox-iso: Verifying  : python-setuptools-0.9.8-4.el7.noarch                         2/4
    virtualbox-iso: Verifying  : python-backports-1.0-8.el7.x86_64                            3/4
    virtualbox-iso: Verifying  : python-backports-ssl_match_hostname-3.4.0.2-4.el7.noarch     4/4
    virtualbox-iso:
    virtualbox-iso: Installed:
    virtualbox-iso: python2-pip.noarch 0:8.1.2-5.el7
    virtualbox-iso:
    virtualbox-iso: Dependency Installed:
    virtualbox-iso: python-backports.x86_64 0:1.0-8.el7
    virtualbox-iso: python-backports-ssl_match_hostname.noarch 0:3.4.0.2-4.el7
    virtualbox-iso: python-setuptools.noarch 0:0.9.8-4.el7
    virtualbox-iso:
    virtualbox-iso: Complete!
    virtualbox-iso: + pip install docker-compose
    virtualbox-iso: Collecting docker-compose
    virtualbox-iso: Downloading docker_compose-1.13.0-py2.py3-none-any.whl (94kB)
    virtualbox-iso: Collecting cached-property<2,>=1.2.0 (from docker-compose)
    virtualbox-iso: Downloading cached_property-1.3.0-py2.py3-none-any.whl
    virtualbox-iso: Collecting dockerpty<0.5,>=0.4.1 (from docker-compose)
    virtualbox-iso: Downloading dockerpty-0.4.1.tar.gz
    virtualbox-iso: Collecting backports.ssl-match-hostname>=3.5; python_version < "3.5" (from docker-compose)
    virtualbox-iso: Downloading backports.ssl_match_hostname-3.5.0.1.tar.gz
    virtualbox-iso: Collecting ipaddress>=1.0.16; python_version < "3.3" (from docker-compose)
    virtualbox-iso: Downloading ipaddress-1.0.18-py2-none-any.whl
    virtualbox-iso: Collecting jsonschema<3,>=2.5.1 (from docker-compose)
    virtualbox-iso: Downloading jsonschema-2.6.0-py2.py3-none-any.whl
    virtualbox-iso: Collecting texttable<0.9,>=0.8.1 (from docker-compose)
    virtualbox-iso: Downloading texttable-0.8.8.tar.gz
    virtualbox-iso: Collecting six<2,>=1.3.0 (from docker-compose)
    virtualbox-iso: Downloading six-1.10.0-py2.py3-none-any.whl
    virtualbox-iso: Collecting enum34<2,>=1.0.4; python_version < "3.4" (from docker-compose)
    virtualbox-iso: Downloading enum34-1.1.6-py2-none-any.whl
    virtualbox-iso: Collecting websocket-client<1.0,>=0.32.0 (from docker-compose)
    virtualbox-iso: Downloading websocket_client-0.40.0.tar.gz (196kB)
    virtualbox-iso: Collecting PyYAML<4,>=3.10 (from docker-compose)
    virtualbox-iso: Downloading PyYAML-3.12.tar.gz (253kB)
    virtualbox-iso: Collecting colorama<0.4,>=0.3.7 (from docker-compose)
    virtualbox-iso: Downloading colorama-0.3.9-py2.py3-none-any.whl
    virtualbox-iso: Collecting requests!=2.11.0,<2.12,>=2.6.1 (from docker-compose)
    virtualbox-iso: Downloading requests-2.11.1-py2.py3-none-any.whl (514kB)
    virtualbox-iso: Collecting docopt<0.7,>=0.6.1 (from docker-compose)
    virtualbox-iso: Downloading docopt-0.6.2.tar.gz
    virtualbox-iso: Collecting docker<3.0,>=2.2.1 (from docker-compose)
    virtualbox-iso: Downloading docker-2.2.1-py2.py3-none-any.whl (107kB)
    virtualbox-iso: Collecting functools32; python_version == "2.7" (from jsonschema<3,>=2.5.1->docker-compose)
    virtualbox-iso: Downloading functools32-3.2.3-2.zip
    virtualbox-iso: Collecting docker-pycreds>=0.2.1 (from docker<3.0,>=2.2.1->docker-compose)
    virtualbox-iso: Downloading docker_pycreds-0.2.1-py2.py3-none-any.whl
    virtualbox-iso: Installing collected packages: cached-property, six, dockerpty, backports.ssl-match-hostname, ipaddress, functools32, jsonschema, texttable, enum34, websocket-client, PyYAML, colorama, requests, docopt, docker-pycreds, docker, docker-compose
    virtualbox-iso: Running setup.py install for dockerpty: started
    virtualbox-iso: Running setup.py install for dockerpty: finished with status 'done'
    virtualbox-iso: Found existing installation: backports.ssl-match-hostname 3.4.0.2
    virtualbox-iso: Uninstalling backports.ssl-match-hostname-3.4.0.2:
    virtualbox-iso: Successfully uninstalled backports.ssl-match-hostname-3.4.0.2
    virtualbox-iso: Running setup.py install for backports.ssl-match-hostname: started
    virtualbox-iso: Running setup.py install for backports.ssl-match-hostname: finished with status 'done'
    virtualbox-iso: Running setup.py install for functools32: started
    virtualbox-iso: Running setup.py install for functools32: finished with status 'done'
    virtualbox-iso: Running setup.py install for texttable: started
    virtualbox-iso: Running setup.py install for texttable: finished with status 'done'
    virtualbox-iso: Running setup.py install for websocket-client: started
    virtualbox-iso: Running setup.py install for websocket-client: finished with status 'done'
    virtualbox-iso: Running setup.py install for PyYAML: started
    virtualbox-iso: Running setup.py install for PyYAML: finished with status 'done'
    virtualbox-iso: Running setup.py install for docopt: started
    virtualbox-iso: Running setup.py install for docopt: finished with status 'done'
    virtualbox-iso: Successfully installed PyYAML-3.12 backports.ssl-match-hostname-3.5.0.1 cached-property-1.3.0 colorama-0.3.9 docker-2.2.1 docker-compose-1.13.0 docker-pycreds-0.2.1 dockerpty-0.4.1 docopt-0.6.2 enum34-1.1.6 functools32-3.2.3.post2 ipaddress-1.0.18 jsonschema-2.6.0 requests-2.11.1 six-1.10.0 texttable-0.8.8 websocket-client-0.40.0
    virtualbox-iso: You are using pip version 8.1.2, however version 9.0.1 is available.
    virtualbox-iso: You should consider upgrading via the 'pip install --upgrade pip' command.
==> virtualbox-iso: Provisioning with shell script: scripts/cleanup.sh
    virtualbox-iso: ++ rpm -qf --queryformat '%{NAME}' /etc/redhat-release
    virtualbox-iso: ++ cut -f 1 -d -
    virtualbox-iso: + distro=centos
    virtualbox-iso: + yum -y remove gcc cpp kernel-devel kernel-headers
    virtualbox-iso: Loaded plugins: fastestmirror
    virtualbox-iso: Resolving Dependencies
    virtualbox-iso: --> Running transaction check
    virtualbox-iso: ---> Package cpp.x86_64 0:4.8.5-11.el7 will be erased
    virtualbox-iso: ---> Package gcc.x86_64 0:4.8.5-11.el7 will be erased
    virtualbox-iso: ---> Package kernel-devel.x86_64 0:3.10.0-514.el7 will be erased
    virtualbox-iso: ---> Package kernel-headers.x86_64 0:3.10.0-514.el7 will be erased
    virtualbox-iso: --> Processing Dependency: kernel-headers for package: glibc-headers-2.17-157.el7.x86_64
    virtualbox-iso: --> Processing Dependency: kernel-headers >= 2.2.1 for package: glibc-headers-2.17-157.el7.x86_64
    virtualbox-iso: --> Running transaction check
    virtualbox-iso: ---> Package glibc-headers.x86_64 0:2.17-157.el7 will be erased
    virtualbox-iso: --> Processing Dependency: glibc-headers for package: glibc-devel-2.17-157.el7.x86_64
    virtualbox-iso: --> Processing Dependency: glibc-headers = 2.17-157.el7 for package: glibc-devel-2.17-157.el7.x86_64
    virtualbox-iso: --> Running transaction check
    virtualbox-iso: ---> Package glibc-devel.x86_64 0:2.17-157.el7 will be erased
    virtualbox-iso: --> Finished Dependency Resolution
    virtualbox-iso:
    virtualbox-iso: Dependencies Resolved
    virtualbox-iso:
    virtualbox-iso: ================================================================================
    virtualbox-iso: Package              Arch         Version                Repository       Size
    virtualbox-iso: ================================================================================
    virtualbox-iso: Removing:
    virtualbox-iso: cpp                  x86_64       4.8.5-11.el7           @anaconda        15 M
    virtualbox-iso: gcc                  x86_64       4.8.5-11.el7           @anaconda        37 M
    virtualbox-iso: kernel-devel         x86_64       3.10.0-514.el7         @anaconda        34 M
    virtualbox-iso: kernel-headers       x86_64       3.10.0-514.el7         @anaconda       3.3 M
    virtualbox-iso: Removing for dependencies:
    virtualbox-iso: glibc-devel          x86_64       2.17-157.el7           @anaconda       1.0 M
    virtualbox-iso: glibc-headers        x86_64       2.17-157.el7           @anaconda       2.2 M
    virtualbox-iso:
    virtualbox-iso: Transaction Summary
    virtualbox-iso: ================================================================================
    virtualbox-iso: Remove  4 Packages (+2 Dependent packages)
    virtualbox-iso:
    virtualbox-iso: Installed size: 93 M
    virtualbox-iso: Downloading packages:
    virtualbox-iso: Running transaction check
    virtualbox-iso: Running transaction test
    virtualbox-iso: Transaction test succeeded
    virtualbox-iso: Running transaction
    virtualbox-iso: Erasing    : gcc-4.8.5-11.el7.x86_64                                      1/6
    virtualbox-iso: Erasing    : glibc-devel-2.17-157.el7.x86_64                              2/6
    virtualbox-iso: Erasing    : glibc-headers-2.17-157.el7.x86_64                            3/6
    virtualbox-iso: Erasing    : kernel-headers-3.10.0-514.el7.x86_64                         4/6
    virtualbox-iso: Erasing    : kernel-devel-3.10.0-514.el7.x86_64                           5/6
    virtualbox-iso: Erasing    : cpp-4.8.5-11.el7.x86_64                                      6/6
    virtualbox-iso: Verifying  : glibc-devel-2.17-157.el7.x86_64                              1/6
    virtualbox-iso: Verifying  : kernel-headers-3.10.0-514.el7.x86_64                         2/6
    virtualbox-iso: Verifying  : cpp-4.8.5-11.el7.x86_64                                      3/6
    virtualbox-iso: Verifying  : gcc-4.8.5-11.el7.x86_64                                      4/6
    virtualbox-iso: Verifying  : glibc-headers-2.17-157.el7.x86_64                            5/6
    virtualbox-iso: Verifying  : kernel-devel-3.10.0-514.el7.x86_64                           6/6
    virtualbox-iso:
    virtualbox-iso: Removed:
    virtualbox-iso: cpp.x86_64 0:4.8.5-11.el7             gcc.x86_64 0:4.8.5-11.el7
    virtualbox-iso: kernel-devel.x86_64 0:3.10.0-514.el7  kernel-headers.x86_64 0:3.10.0-514.el7
    virtualbox-iso:
    virtualbox-iso: Dependency Removed:
    virtualbox-iso: glibc-devel.x86_64 0:2.17-157.el7     glibc-headers.x86_64 0:2.17-157.el7
    virtualbox-iso:
    virtualbox-iso: Complete!
    virtualbox-iso: + '[' centos '!=' redhat ']'
    virtualbox-iso: + yum -y clean all
    virtualbox-iso: Loaded plugins: fastestmirror
    virtualbox-iso: Cleaning repos: base epel extras packages.docker.com_1.13_yum_repo_main_centos_7
    virtualbox-iso: : updates
    virtualbox-iso: Cleaning up everything
    virtualbox-iso: Cleaning up list of fastest mirrors
    virtualbox-iso: + rm -f /etc/udev/rules.d/70-persistent-net.rules
    virtualbox-iso: + mkdir -p /etc/udev/rules.d/70-persistent-net.rules
    virtualbox-iso: + rm -f /lib/udev/rules.d/75-persistent-net-generator.rules
    virtualbox-iso: + rm -rf /dev/.udev/
    virtualbox-iso: ++ ls -1 /etc/sysconfig/network-scripts/ifcfg-enp0s3 /etc/sysconfig/network-scripts/ifcfg-lo
    virtualbox-iso: + for ndev in '`ls -1 /etc/sysconfig/network-scripts/ifcfg-*`'
    virtualbox-iso: ++ basename /etc/sysconfig/network-scripts/ifcfg-enp0s3
    virtualbox-iso: + '[' ifcfg-enp0s3 '!=' ifcfg-lo ']'
    virtualbox-iso: + sed -i '/^HWADDR/d' /etc/sysconfig/network-scripts/ifcfg-enp0s3
    virtualbox-iso: + sed -i '/^UUID/d' /etc/sysconfig/network-scripts/ifcfg-enp0s3
    virtualbox-iso: + for ndev in '`ls -1 /etc/sysconfig/network-scripts/ifcfg-*`'
    virtualbox-iso: ++ basename /etc/sysconfig/network-scripts/ifcfg-lo
    virtualbox-iso: + '[' ifcfg-lo '!=' ifcfg-lo ']'
    virtualbox-iso: + grep -q -i 'release 7' /etc/redhat-release
    virtualbox-iso: + nmcli radio all off
    virtualbox-iso: + /bin/systemctl stop NetworkManager.service
    virtualbox-iso: ++ ls /etc/sysconfig/network-scripts/ifcfg-enp0s3 /etc/sysconfig/network-scripts/ifcfg-lo
    virtualbox-iso: ++ grep -v ifcfg-lo
    virtualbox-iso: + for ifcfg in '`ls /etc/sysconfig/network-scripts/ifcfg-* |grep -v ifcfg-lo`'
    virtualbox-iso: + rm -f /etc/sysconfig/network-scripts/ifcfg-enp0s3
    virtualbox-iso: + rm -rf /var/lib/NetworkManager/dhclient-d49c975c-69df-4bf1-9be8-c76cbcf26099-enp0s3.lease /var/lib/NetworkManager/dhclient-enp0s3.conf /var/lib/NetworkManager/NetworkManager-intern.conf /var/lib/NetworkManager/NetworkManager.state /var/lib/NetworkManager/timestamps
    virtualbox-iso: + echo '==> Setup /etc/rc.d/rc.local for CentOS7'
    virtualbox-iso: ==> Setup /etc/rc.d/rc.local for CentOS7
    virtualbox-iso: + cat
    virtualbox-iso: + cat
    virtualbox-iso: + chmod +x /etc/rc.d/rc.local
    virtualbox-iso: + find /var/log/ -name '*.log' -exec rm -f '{}' ';'
==> virtualbox-iso: Provisioning with shell script: scripts/minimize.sh
    virtualbox-iso: + case "$PACKER_BUILDER_TYPE" in
    virtualbox-iso: ++ df --sync -kP /
    virtualbox-iso: ++ tail -n1
    virtualbox-iso: ++ awk -F ' ' '{print $4}'
    virtualbox-iso: + count=7219376
    virtualbox-iso: + count=7219375
    virtualbox-iso: + dd if=/dev/zero of=/tmp/whitespace bs=1M count=7219375
    virtualbox-iso: dd: error writing /tmp/whitespace: No space left on device
    virtualbox-iso: dd exit code 1 is suppressed
    virtualbox-iso: 7051+0 records in
    virtualbox-iso: 7050+0 records out
    virtualbox-iso: 7392788480 bytes (7.4 GB) copied, 39.1458 s, 189 MB/s
    virtualbox-iso: + echo 'dd exit code 1 is suppressed'
    virtualbox-iso: + rm /tmp/whitespace
    virtualbox-iso: ++ df --sync -kP /boot
    virtualbox-iso: ++ tail -n1
    virtualbox-iso: ++ awk -F ' ' '{print $4}'
    virtualbox-iso: + count=899616
    virtualbox-iso: + count=899615
    virtualbox-iso: + dd if=/dev/zero of=/boot/whitespace bs=1M count=899615
    virtualbox-iso: dd exit code 1 is suppressed
    virtualbox-iso: dd: error writing /boot/whitespace: No space left on device
    virtualbox-iso: 879+0 records in
    virtualbox-iso: 878+0 records out
    virtualbox-iso: 921186304 bytes (921 MB) copied, 4.13147 s, 223 MB/s
    virtualbox-iso: + echo 'dd exit code 1 is suppressed'
    virtualbox-iso: + rm /boot/whitespace
    virtualbox-iso: + set +e
    virtualbox-iso: ++ /sbin/blkid -o value -l -s UUID -t TYPE=swap
    virtualbox-iso: + swapuuid=c12e4d75-231f-4b0a-9619-20864b4c82ee
    virtualbox-iso: + case "$?" in
    virtualbox-iso: + set -e
    virtualbox-iso: + '[' xc12e4d75-231f-4b0a-9619-20864b4c82ee '!=' x ']'
    virtualbox-iso: ++ readlink -f /dev/disk/by-uuid/c12e4d75-231f-4b0a-9619-20864b4c82ee
    virtualbox-iso: + swappart=/dev/dm-1
    virtualbox-iso: + /sbin/swapoff /dev/dm-1
    virtualbox-iso: + dd if=/dev/zero of=/dev/dm-1 bs=1M
    virtualbox-iso: dd: error writing /dev/dm-1: No space left on device
    virtualbox-iso: dd exit code 1 is suppressed
    virtualbox-iso: 1025+0 records in
    virtualbox-iso: 1024+0 records out
    virtualbox-iso: 1073741824 bytes (1.1 GB) copied, 2.1467 s, 500 MB/s
    virtualbox-iso: + echo 'dd exit code 1 is suppressed'
    virtualbox-iso: + /sbin/mkswap -U c12e4d75-231f-4b0a-9619-20864b4c82ee /dev/dm-1
    virtualbox-iso: Setting up swapspace version 1, size = 1048572 KiB
    virtualbox-iso: no label, UUID=c12e4d75-231f-4b0a-9619-20864b4c82ee
    virtualbox-iso: + sync
==> virtualbox-iso: Gracefully halting virtual machine...
==> virtualbox-iso: Preparing to export machine...
    virtualbox-iso: Deleting forwarded port mapping for the communicator (SSH, WinRM, etc) (host port 3678)
==> virtualbox-iso: Exporting virtual machine...
    virtualbox-iso: Executing: export centos-7.3-x86_64-ucp --output packer-centos-7.3-x86_64-ucp-virtualbox-iso\centos-7.3-x86_64-ucp.ovf
==> virtualbox-iso: Unregistering and deleting virtual machine...
==> virtualbox-iso: Running post-processor: vagrant
==> virtualbox-iso (vagrant): Creating Vagrant box for 'virtualbox' provider
    virtualbox-iso (vagrant): Copying from artifact: packer-centos-7.3-x86_64-ucp-virtualbox-iso\centos-7.3-x86_64-ucp-disk001.vmdk
    virtualbox-iso (vagrant): Copying from artifact: packer-centos-7.3-x86_64-ucp-virtualbox-iso\centos-7.3-x86_64-ucp-disk002.vmdk
    virtualbox-iso (vagrant): Copying from artifact: packer-centos-7.3-x86_64-ucp-virtualbox-iso\centos-7.3-x86_64-ucp.ovf
    virtualbox-iso (vagrant): Renaming the OVF to box.ovf...
    virtualbox-iso (vagrant): Compressing: Vagrantfile
    virtualbox-iso (vagrant): Compressing: box.ovf
    virtualbox-iso (vagrant): Compressing: centos-7.3-x86_64-ucp-disk001.vmdk
    virtualbox-iso (vagrant): Compressing: centos-7.3-x86_64-ucp-disk002.vmdk
    virtualbox-iso (vagrant): Compressing: metadata.json
Build 'virtualbox-iso' finished.

==> Some builds didn't complete successfully and had errors:
--> qemu: Failed creating Qemu driver: exec: "qemu-system-x86_64": executable file not found in %PATH%

==> Builds finished. The artifacts of successful builds are:
--> virtualbox-iso: 'virtualbox' provider box: builds/centos-7.3-ucp.virtualbox.box
